#
# There is insufficient memory for the Java Runtime Environment to continue.
# Native memory allocation (malloc) failed to allocate 1075056 bytes for Chunk::new
# Possible reasons:
#   The system is out of physical RAM or swap space
#   The process is running with CompressedOops enabled, and the Java Heap may be blocking the growth of the native heap
# Possible solutions:
#   Reduce memory load on the system
#   Increase physical memory or swap space
#   Check if swap backing store is full
#   Decrease Java heap size (-Xmx/-Xms)
#   Decrease number of Java threads
#   Decrease Java thread stack sizes (-Xss)
#   Set larger code cache with -XX:ReservedCodeCacheSize=
#   JVM is running with Unscaled Compressed Oops mode in which the Java heap is
#     placed in the first 4GB address space. The Java Heap base address is the
#     maximum limit for the native heap growth. Please use -XX:HeapBaseMinAddress
#     to set the Java Heap base and to place the Java Heap above 4GB virtual address.
# This output file may be truncated or incomplete.
#
#  Out of Memory Error (arena.cpp:168), pid=20148, tid=21216
#
# JRE version: Java(TM) SE Runtime Environment (21.0.2+13) (build 21.0.2+13-LTS-58)
# Java VM: Java HotSpot(TM) 64-Bit Server VM (21.0.2+13-LTS-58, mixed mode, sharing, tiered, compressed oops, compressed class ptrs, g1 gc, windows-amd64)
# No core dump will be written. Minidumps are not enabled by default on client versions of Windows
#

---------------  S U M M A R Y ------------

Command Line: -Dfile.encoding=UTF-8 --module-path=C:\Users\User\Documents\NetBeansProjects\EMS\build\classes ems.ViewEmployees

Host: Intel(R) Core(TM) i3-10110U CPU @ 2.10GHz, 4 cores, 7G,  Windows 11 , 64 bit Build 22621 (10.0.22621.3374)
Time: Fri Apr 19 00:17:38 2024 Taipei Standard Time elapsed time: 32.883222 seconds (0d 0h 0m 32s)

---------------  T H R E A D  ---------------

Current thread (0x000001b4559a78d0):  JavaThread "C2 CompilerThread0" daemon [_thread_in_native, id=21216, stack(0x0000001a8b400000,0x0000001a8b500000) (1024K)]


Current CompileTask:
C2:  32883 2787   !   4       sun.awt.PostEventQueue::flush (168 bytes)

Stack: [0x0000001a8b400000,0x0000001a8b500000]
Native frames: (J=compiled Java code, j=interpreted, Vv=VM code, C=native code)
V  [jvm.dll+0x6cade9]
V  [jvm.dll+0x8569c1]
V  [jvm.dll+0x858d2e]
V  [jvm.dll+0x859413]
V  [jvm.dll+0x280e56]
V  [jvm.dll+0xc3f3d]
V  [jvm.dll+0xc4473]
V  [jvm.dll+0x3b5bf2]
V  [jvm.dll+0x382855]
V  [jvm.dll+0x381cca]
V  [jvm.dll+0x249bd0]
V  [jvm.dll+0x2491b1]
V  [jvm.dll+0x1c9634]
V  [jvm.dll+0x258859]
V  [jvm.dll+0x256e3a]
V  [jvm.dll+0x3ef6c6]
V  [jvm.dll+0x7ff568]
V  [jvm.dll+0x6c953d]
C  [ucrtbase.dll+0x29333]
C  [KERNEL32.DLL+0x1257d]
C  [ntdll.dll+0x5aa48]


---------------  P R O C E S S  ---------------

Threads class SMR info:
_java_thread_list=0x000001b49c716d90, length=18, elements={
0x000001b455996ae0, 0x000001b4559986b0, 0x000001b45599a9f0, 0x000001b45599b450,
0x000001b45599c650, 0x000001b4559a1de0, 0x000001b4559a78d0, 0x000001b4559d3350,
0x000001b455960370, 0x000001b455d1c470, 0x000001b455e55580, 0x000001b455e5ec70,
0x000001b455eccb10, 0x000001b49c43f810, 0x000001b49d0bb010, 0x000001b4379e8ed0,
0x000001b455f18a10, 0x000001b49b779ba0
}

Java Threads: ( => current thread )
  0x000001b455996ae0 JavaThread "Reference Handler"          daemon [_thread_blocked, id=20816, stack(0x0000001a8ae00000,0x0000001a8af00000) (1024K)]
  0x000001b4559986b0 JavaThread "Finalizer"                  daemon [_thread_blocked, id=17416, stack(0x0000001a8af00000,0x0000001a8b000000) (1024K)]
  0x000001b45599a9f0 JavaThread "Signal Dispatcher"          daemon [_thread_blocked, id=5804, stack(0x0000001a8b000000,0x0000001a8b100000) (1024K)]
  0x000001b45599b450 JavaThread "Attach Listener"            daemon [_thread_blocked, id=2332, stack(0x0000001a8b100000,0x0000001a8b200000) (1024K)]
  0x000001b45599c650 JavaThread "Service Thread"             daemon [_thread_blocked, id=4884, stack(0x0000001a8b200000,0x0000001a8b300000) (1024K)]
  0x000001b4559a1de0 JavaThread "Monitor Deflation Thread"   daemon [_thread_blocked, id=5784, stack(0x0000001a8b300000,0x0000001a8b400000) (1024K)]
=>0x000001b4559a78d0 JavaThread "C2 CompilerThread0"         daemon [_thread_in_native, id=21216, stack(0x0000001a8b400000,0x0000001a8b500000) (1024K)]
  0x000001b4559d3350 JavaThread "C1 CompilerThread0"         daemon [_thread_blocked, id=20328, stack(0x0000001a8b500000,0x0000001a8b600000) (1024K)]
  0x000001b455960370 JavaThread "Common-Cleaner"             daemon [_thread_blocked, id=9708, stack(0x0000001a8b600000,0x0000001a8b700000) (1024K)]
  0x000001b455d1c470 JavaThread "Notification Thread"        daemon [_thread_blocked, id=19540, stack(0x0000001a8b700000,0x0000001a8b800000) (1024K)]
  0x000001b455e55580 JavaThread "Java2D Disposer"            daemon [_thread_blocked, id=2152, stack(0x0000001a8b800000,0x0000001a8b900000) (1024K)]
  0x000001b455e5ec70 JavaThread "AWT-Windows"                daemon [_thread_in_native, id=10288, stack(0x0000001a8ba00000,0x0000001a8bb00000) (1024K)]
  0x000001b455eccb10 JavaThread "mysql-cj-abandoned-connection-cleanup" daemon [_thread_blocked, id=9564, stack(0x0000001a8bb00000,0x0000001a8bc00000) (1024K)]
  0x000001b49c43f810 JavaThread "AWT-Shutdown"                      [_thread_blocked, id=824, stack(0x0000001a8b900000,0x0000001a8ba00000) (1024K)]
  0x000001b49d0bb010 JavaThread "AWT-EventQueue-0"                  [_thread_blocked, id=15052, stack(0x0000001a8c000000,0x0000001a8c100000) (1024K)]
  0x000001b4379e8ed0 JavaThread "DestroyJavaVM"                     [_thread_blocked, id=8672, stack(0x0000001a8a600000,0x0000001a8a700000) (1024K)]
  0x000001b455f18a10 JavaThread "TimerQueue"                 daemon [_thread_blocked, id=20780, stack(0x0000001a8bc00000,0x0000001a8bd00000) (1024K)]
  0x000001b49b779ba0 JavaThread "Image Fetcher 0"            daemon [_thread_blocked, id=6564, stack(0x0000001a8c400000,0x0000001a8c500000) (1024K)]
Total: 18

Other Threads:
  0x000001b4559771a0 VMThread "VM Thread"                           [id=21172, stack(0x0000001a8ad00000,0x0000001a8ae00000) (1024K)]
  0x000001b45595ed90 WatcherThread "VM Periodic Task Thread"        [id=20916, stack(0x0000001a8ac00000,0x0000001a8ad00000) (1024K)]
  0x000001b437a3d480 WorkerThread "GC Thread#0"                     [id=20840, stack(0x0000001a8a700000,0x0000001a8a800000) (1024K)]
  0x000001b49bb4b660 WorkerThread "GC Thread#1"                     [id=3556, stack(0x0000001a8bd00000,0x0000001a8be00000) (1024K)]
  0x000001b49b9642b0 WorkerThread "GC Thread#2"                     [id=5020, stack(0x0000001a8be00000,0x0000001a8bf00000) (1024K)]
  0x000001b49b964650 WorkerThread "GC Thread#3"                     [id=14048, stack(0x0000001a8bf00000,0x0000001a8c000000) (1024K)]
  0x000001b437a4e150 ConcurrentGCThread "G1 Main Marker"            [id=17508, stack(0x0000001a8a800000,0x0000001a8a900000) (1024K)]
  0x000001b437a4f2f0 WorkerThread "G1 Conc#0"                       [id=21152, stack(0x0000001a8a900000,0x0000001a8aa00000) (1024K)]
  0x000001b437aae260 ConcurrentGCThread "G1 Refine#0"               [id=19216, stack(0x0000001a8aa00000,0x0000001a8ab00000) (1024K)]
  0x000001b4558340d0 ConcurrentGCThread "G1 Service"                [id=20644, stack(0x0000001a8ab00000,0x0000001a8ac00000) (1024K)]
Total: 10

Threads with active compile tasks:
C2 CompilerThread0    32906 2787   !   4       sun.awt.PostEventQueue::flush (168 bytes)
Total: 1

VM state: not at safepoint (normal execution)

VM Mutex/Monitor currently owned by a thread: None

Heap address: 0x0000000082200000, size: 2014 MB, Compressed Oops mode: 32-bit

CDS archive(s) mapped at: [0x000001b456000000-0x000001b456c90000-0x000001b456c90000), size 13172736, SharedBaseAddress: 0x000001b456000000, ArchiveRelocationMode: 1.
Compressed class space mapped at: 0x000001b457000000-0x000001b497000000, reserved size: 1073741824
Narrow klass base: 0x000001b456000000, Narrow klass shift: 0, Narrow klass range: 0x100000000

GC Precious Log:
 CardTable entry size: 512
 Card Set container configuration: InlinePtr #cards 5 size 8 Array Of Cards #cards 12 size 40 Howl #buckets 4 coarsen threshold 1843 Howl Bitmap #cards 512 size 80 coarsen threshold 460 Card regions per heap region 1 cards per card region 2048
 CPUs: 4 total, 4 available
 Memory: 8055M
 Large Page Support: Disabled
 NUMA Support: Disabled
 Compressed Oops: Enabled (32-bit)
 Heap Region Size: 1M
 Heap Min Capacity: 8M
 Heap Initial Capacity: 126M
 Heap Max Capacity: 2014M
 Pre-touch: Disabled
 Parallel Workers: 4
 Concurrent Workers: 1
 Concurrent Refinement Workers: 4
 Periodic GC: Disabled

Heap:
 garbage-first heap   total 129024K, used 49566K [0x0000000082200000, 0x0000000100000000)
  region size 1024K, 22 young (22528K), 3 survivors (3072K)
 Metaspace       used 19907K, committed 20224K, reserved 1114112K
  class space    used 2202K, committed 2368K, reserved 1048576K

Heap Regions: E=young(eden), S=young(survivor), O=old, HS=humongous(starts), HC=humongous(continues), CS=collection set, F=free, TAMS=top-at-mark-start, PB=parsable bottom
|   0|0x0000000082200000, 0x0000000082300000, 0x0000000082300000|100%| O|  |TAMS 0x0000000082200000| PB 0x0000000082200000| Untracked 
|   1|0x0000000082300000, 0x0000000082400000, 0x0000000082400000|100%| O|  |TAMS 0x0000000082300000| PB 0x0000000082300000| Untracked 
|   2|0x0000000082400000, 0x0000000082500000, 0x0000000082500000|100%|HS|  |TAMS 0x0000000082400000| PB 0x0000000082400000| Complete 
|   3|0x0000000082500000, 0x0000000082600000, 0x0000000082600000|100%|HC|  |TAMS 0x0000000082500000| PB 0x0000000082500000| Complete 
|   4|0x0000000082600000, 0x0000000082700000, 0x0000000082700000|100%|HC|  |TAMS 0x0000000082600000| PB 0x0000000082600000| Complete 
|   5|0x0000000082700000, 0x0000000082800000, 0x0000000082800000|100%| O|  |TAMS 0x0000000082700000| PB 0x0000000082700000| Untracked 
|   6|0x0000000082800000, 0x0000000082867ba8, 0x0000000082900000| 40%| O|  |TAMS 0x0000000082800000| PB 0x0000000082800000| Untracked 
|   7|0x0000000082900000, 0x0000000082a00000, 0x0000000082a00000|100%|HS|  |TAMS 0x0000000082900000| PB 0x0000000082900000| Complete 
|   8|0x0000000082a00000, 0x0000000082b00000, 0x0000000082b00000|100%|HC|  |TAMS 0x0000000082a00000| PB 0x0000000082a00000| Complete 
|   9|0x0000000082b00000, 0x0000000082c00000, 0x0000000082c00000|100%|HC|  |TAMS 0x0000000082b00000| PB 0x0000000082b00000| Complete 
|  10|0x0000000082c00000, 0x0000000082d00000, 0x0000000082d00000|100%|HC|  |TAMS 0x0000000082c00000| PB 0x0000000082c00000| Complete 
|  11|0x0000000082d00000, 0x0000000082e00000, 0x0000000082e00000|100%|HC|  |TAMS 0x0000000082d00000| PB 0x0000000082d00000| Complete 
|  12|0x0000000082e00000, 0x0000000082f00000, 0x0000000082f00000|100%|HC|  |TAMS 0x0000000082e00000| PB 0x0000000082e00000| Complete 
|  13|0x0000000082f00000, 0x0000000083000000, 0x0000000083000000|100%|HC|  |TAMS 0x0000000082f00000| PB 0x0000000082f00000| Complete 
|  14|0x0000000083000000, 0x0000000083100000, 0x0000000083100000|100%|HC|  |TAMS 0x0000000083000000| PB 0x0000000083000000| Complete 
|  15|0x0000000083100000, 0x0000000083200000, 0x0000000083200000|100%|HC|  |TAMS 0x0000000083100000| PB 0x0000000083100000| Complete 
|  16|0x0000000083200000, 0x0000000083300000, 0x0000000083300000|100%|HC|  |TAMS 0x0000000083200000| PB 0x0000000083200000| Complete 
|  17|0x0000000083300000, 0x0000000083400000, 0x0000000083400000|100%|HS|  |TAMS 0x0000000083300000| PB 0x0000000083300000| Complete 
|  18|0x0000000083400000, 0x0000000083500000, 0x0000000083500000|100%|HC|  |TAMS 0x0000000083400000| PB 0x0000000083400000| Complete 
|  19|0x0000000083500000, 0x0000000083600000, 0x0000000083600000|100%|HC|  |TAMS 0x0000000083500000| PB 0x0000000083500000| Complete 
|  20|0x0000000083600000, 0x0000000083700000, 0x0000000083700000|100%|HS|  |TAMS 0x0000000083600000| PB 0x0000000083600000| Complete 
|  21|0x0000000083700000, 0x0000000083800000, 0x0000000083800000|100%|HC|  |TAMS 0x0000000083700000| PB 0x0000000083700000| Complete 
|  22|0x0000000083800000, 0x0000000083900000, 0x0000000083900000|100%|HC|  |TAMS 0x0000000083800000| PB 0x0000000083800000| Complete 
|  23|0x0000000083900000, 0x0000000083a00000, 0x0000000083a00000|100%|HS|  |TAMS 0x0000000083900000| PB 0x0000000083900000| Complete 
|  24|0x0000000083a00000, 0x0000000083b00000, 0x0000000083b00000|100%|HC|  |TAMS 0x0000000083a00000| PB 0x0000000083a00000| Complete 
|  25|0x0000000083b00000, 0x0000000083c00000, 0x0000000083c00000|100%|HC|  |TAMS 0x0000000083b00000| PB 0x0000000083b00000| Complete 
|  26|0x0000000083c00000, 0x0000000083d00000, 0x0000000083d00000|100%|HS|  |TAMS 0x0000000083c00000| PB 0x0000000083c00000| Complete 
|  27|0x0000000083d00000, 0x0000000083e00000, 0x0000000083e00000|100%|HC|  |TAMS 0x0000000083d00000| PB 0x0000000083d00000| Complete 
|  28|0x0000000083e00000, 0x0000000083f00000, 0x0000000083f00000|100%|HC|  |TAMS 0x0000000083e00000| PB 0x0000000083e00000| Complete 
|  29|0x0000000083f00000, 0x0000000083f00000, 0x0000000084000000|  0%| F|  |TAMS 0x0000000083f00000| PB 0x0000000083f00000| Untracked 
|  30|0x0000000084000000, 0x0000000084000000, 0x0000000084100000|  0%| F|  |TAMS 0x0000000084000000| PB 0x0000000084000000| Untracked 
|  31|0x0000000084100000, 0x0000000084100000, 0x0000000084200000|  0%| F|  |TAMS 0x0000000084100000| PB 0x0000000084100000| Untracked 
|  32|0x0000000084200000, 0x0000000084200000, 0x0000000084300000|  0%| F|  |TAMS 0x0000000084200000| PB 0x0000000084200000| Untracked 
|  33|0x0000000084300000, 0x0000000084300000, 0x0000000084400000|  0%| F|  |TAMS 0x0000000084300000| PB 0x0000000084300000| Untracked 
|  34|0x0000000084400000, 0x0000000084400000, 0x0000000084500000|  0%| F|  |TAMS 0x0000000084400000| PB 0x0000000084400000| Untracked 
|  35|0x0000000084500000, 0x0000000084500000, 0x0000000084600000|  0%| F|  |TAMS 0x0000000084500000| PB 0x0000000084500000| Untracked 
|  36|0x0000000084600000, 0x0000000084600000, 0x0000000084700000|  0%| F|  |TAMS 0x0000000084600000| PB 0x0000000084600000| Untracked 
|  37|0x0000000084700000, 0x0000000084700000, 0x0000000084800000|  0%| F|  |TAMS 0x0000000084700000| PB 0x0000000084700000| Untracked 
|  38|0x0000000084800000, 0x0000000084800000, 0x0000000084900000|  0%| F|  |TAMS 0x0000000084800000| PB 0x0000000084800000| Untracked 
|  39|0x0000000084900000, 0x0000000084900000, 0x0000000084a00000|  0%| F|  |TAMS 0x0000000084900000| PB 0x0000000084900000| Untracked 
|  40|0x0000000084a00000, 0x0000000084a00000, 0x0000000084b00000|  0%| F|  |TAMS 0x0000000084a00000| PB 0x0000000084a00000| Untracked 
|  41|0x0000000084b00000, 0x0000000084b00000, 0x0000000084c00000|  0%| F|  |TAMS 0x0000000084b00000| PB 0x0000000084b00000| Untracked 
|  42|0x0000000084c00000, 0x0000000084c00000, 0x0000000084d00000|  0%| F|  |TAMS 0x0000000084c00000| PB 0x0000000084c00000| Untracked 
|  43|0x0000000084d00000, 0x0000000084d00000, 0x0000000084e00000|  0%| F|  |TAMS 0x0000000084d00000| PB 0x0000000084d00000| Untracked 
|  44|0x0000000084e00000, 0x0000000084e00000, 0x0000000084f00000|  0%| F|  |TAMS 0x0000000084e00000| PB 0x0000000084e00000| Untracked 
|  45|0x0000000084f00000, 0x0000000084f00000, 0x0000000085000000|  0%| F|  |TAMS 0x0000000084f00000| PB 0x0000000084f00000| Untracked 
|  46|0x0000000085000000, 0x0000000085000000, 0x0000000085100000|  0%| F|  |TAMS 0x0000000085000000| PB 0x0000000085000000| Untracked 
|  47|0x0000000085100000, 0x0000000085100000, 0x0000000085200000|  0%| F|  |TAMS 0x0000000085100000| PB 0x0000000085100000| Untracked 
|  48|0x0000000085200000, 0x0000000085200000, 0x0000000085300000|  0%| F|  |TAMS 0x0000000085200000| PB 0x0000000085200000| Untracked 
|  49|0x0000000085300000, 0x0000000085300000, 0x0000000085400000|  0%| F|  |TAMS 0x0000000085300000| PB 0x0000000085300000| Untracked 
|  50|0x0000000085400000, 0x0000000085400000, 0x0000000085500000|  0%| F|  |TAMS 0x0000000085400000| PB 0x0000000085400000| Untracked 
|  51|0x0000000085500000, 0x0000000085500000, 0x0000000085600000|  0%| F|  |TAMS 0x0000000085500000| PB 0x0000000085500000| Untracked 
|  52|0x0000000085600000, 0x0000000085600000, 0x0000000085700000|  0%| F|  |TAMS 0x0000000085600000| PB 0x0000000085600000| Untracked 
|  53|0x0000000085700000, 0x0000000085700000, 0x0000000085800000|  0%| F|  |TAMS 0x0000000085700000| PB 0x0000000085700000| Untracked 
|  54|0x0000000085800000, 0x0000000085800000, 0x0000000085900000|  0%| F|  |TAMS 0x0000000085800000| PB 0x0000000085800000| Untracked 
|  55|0x0000000085900000, 0x0000000085900000, 0x0000000085a00000|  0%| F|  |TAMS 0x0000000085900000| PB 0x0000000085900000| Untracked 
|  56|0x0000000085a00000, 0x0000000085a00000, 0x0000000085b00000|  0%| F|  |TAMS 0x0000000085a00000| PB 0x0000000085a00000| Untracked 
|  57|0x0000000085b00000, 0x0000000085b00000, 0x0000000085c00000|  0%| F|  |TAMS 0x0000000085b00000| PB 0x0000000085b00000| Untracked 
|  58|0x0000000085c00000, 0x0000000085c00000, 0x0000000085d00000|  0%| F|  |TAMS 0x0000000085c00000| PB 0x0000000085c00000| Untracked 
|  59|0x0000000085d00000, 0x0000000085d00000, 0x0000000085e00000|  0%| F|  |TAMS 0x0000000085d00000| PB 0x0000000085d00000| Untracked 
|  60|0x0000000085e00000, 0x0000000085e00000, 0x0000000085f00000|  0%| F|  |TAMS 0x0000000085e00000| PB 0x0000000085e00000| Untracked 
|  61|0x0000000085f00000, 0x0000000085f00000, 0x0000000086000000|  0%| F|  |TAMS 0x0000000085f00000| PB 0x0000000085f00000| Untracked 
|  62|0x0000000086000000, 0x0000000086000000, 0x0000000086100000|  0%| F|  |TAMS 0x0000000086000000| PB 0x0000000086000000| Untracked 
|  63|0x0000000086100000, 0x0000000086100000, 0x0000000086200000|  0%| F|  |TAMS 0x0000000086100000| PB 0x0000000086100000| Untracked 
|  64|0x0000000086200000, 0x0000000086200000, 0x0000000086300000|  0%| F|  |TAMS 0x0000000086200000| PB 0x0000000086200000| Untracked 
|  65|0x0000000086300000, 0x0000000086300000, 0x0000000086400000|  0%| F|  |TAMS 0x0000000086300000| PB 0x0000000086300000| Untracked 
|  66|0x0000000086400000, 0x0000000086400000, 0x0000000086500000|  0%| F|  |TAMS 0x0000000086400000| PB 0x0000000086400000| Untracked 
|  67|0x0000000086500000, 0x0000000086500000, 0x0000000086600000|  0%| F|  |TAMS 0x0000000086500000| PB 0x0000000086500000| Untracked 
|  68|0x0000000086600000, 0x0000000086600000, 0x0000000086700000|  0%| F|  |TAMS 0x0000000086600000| PB 0x0000000086600000| Untracked 
|  69|0x0000000086700000, 0x0000000086700000, 0x0000000086800000|  0%| F|  |TAMS 0x0000000086700000| PB 0x0000000086700000| Untracked 
|  70|0x0000000086800000, 0x0000000086800000, 0x0000000086900000|  0%| F|  |TAMS 0x0000000086800000| PB 0x0000000086800000| Untracked 
|  71|0x0000000086900000, 0x0000000086900000, 0x0000000086a00000|  0%| F|  |TAMS 0x0000000086900000| PB 0x0000000086900000| Untracked 
|  72|0x0000000086a00000, 0x0000000086a00000, 0x0000000086b00000|  0%| F|  |TAMS 0x0000000086a00000| PB 0x0000000086a00000| Untracked 
|  73|0x0000000086b00000, 0x0000000086b00000, 0x0000000086c00000|  0%| F|  |TAMS 0x0000000086b00000| PB 0x0000000086b00000| Untracked 
|  74|0x0000000086c00000, 0x0000000086c00000, 0x0000000086d00000|  0%| F|  |TAMS 0x0000000086c00000| PB 0x0000000086c00000| Untracked 
|  75|0x0000000086d00000, 0x0000000086d00000, 0x0000000086e00000|  0%| F|  |TAMS 0x0000000086d00000| PB 0x0000000086d00000| Untracked 
|  76|0x0000000086e00000, 0x0000000086e00000, 0x0000000086f00000|  0%| F|  |TAMS 0x0000000086e00000| PB 0x0000000086e00000| Untracked 
|  77|0x0000000086f00000, 0x0000000086f00000, 0x0000000087000000|  0%| F|  |TAMS 0x0000000086f00000| PB 0x0000000086f00000| Untracked 
|  78|0x0000000087000000, 0x0000000087000000, 0x0000000087100000|  0%| F|  |TAMS 0x0000000087000000| PB 0x0000000087000000| Untracked 
|  79|0x0000000087100000, 0x0000000087100000, 0x0000000087200000|  0%| F|  |TAMS 0x0000000087100000| PB 0x0000000087100000| Untracked 
|  80|0x0000000087200000, 0x0000000087200000, 0x0000000087300000|  0%| F|  |TAMS 0x0000000087200000| PB 0x0000000087200000| Untracked 
|  81|0x0000000087300000, 0x0000000087300000, 0x0000000087400000|  0%| F|  |TAMS 0x0000000087300000| PB 0x0000000087300000| Untracked 
|  82|0x0000000087400000, 0x0000000087400000, 0x0000000087500000|  0%| F|  |TAMS 0x0000000087400000| PB 0x0000000087400000| Untracked 
|  83|0x0000000087500000, 0x0000000087500000, 0x0000000087600000|  0%| F|  |TAMS 0x0000000087500000| PB 0x0000000087500000| Untracked 
|  84|0x0000000087600000, 0x0000000087600000, 0x0000000087700000|  0%| F|  |TAMS 0x0000000087600000| PB 0x0000000087600000| Untracked 
|  85|0x0000000087700000, 0x0000000087700000, 0x0000000087800000|  0%| F|  |TAMS 0x0000000087700000| PB 0x0000000087700000| Untracked 
|  86|0x0000000087800000, 0x0000000087800000, 0x0000000087900000|  0%| F|  |TAMS 0x0000000087800000| PB 0x0000000087800000| Untracked 
|  87|0x0000000087900000, 0x0000000087900000, 0x0000000087a00000|  0%| F|  |TAMS 0x0000000087900000| PB 0x0000000087900000| Untracked 
|  88|0x0000000087a00000, 0x0000000087a00000, 0x0000000087b00000|  0%| F|  |TAMS 0x0000000087a00000| PB 0x0000000087a00000| Untracked 
|  89|0x0000000087b00000, 0x0000000087b00000, 0x0000000087c00000|  0%| F|  |TAMS 0x0000000087b00000| PB 0x0000000087b00000| Untracked 
|  90|0x0000000087c00000, 0x0000000087c00000, 0x0000000087d00000|  0%| F|  |TAMS 0x0000000087c00000| PB 0x0000000087c00000| Untracked 
|  91|0x0000000087d00000, 0x0000000087d00000, 0x0000000087e00000|  0%| F|  |TAMS 0x0000000087d00000| PB 0x0000000087d00000| Untracked 
|  92|0x0000000087e00000, 0x0000000087e00000, 0x0000000087f00000|  0%| F|  |TAMS 0x0000000087e00000| PB 0x0000000087e00000| Untracked 
|  93|0x0000000087f00000, 0x0000000087f00000, 0x0000000088000000|  0%| F|  |TAMS 0x0000000087f00000| PB 0x0000000087f00000| Untracked 
|  94|0x0000000088000000, 0x0000000088000000, 0x0000000088100000|  0%| F|  |TAMS 0x0000000088000000| PB 0x0000000088000000| Untracked 
|  95|0x0000000088100000, 0x0000000088100000, 0x0000000088200000|  0%| F|  |TAMS 0x0000000088100000| PB 0x0000000088100000| Untracked 
|  96|0x0000000088200000, 0x0000000088200000, 0x0000000088300000|  0%| F|  |TAMS 0x0000000088200000| PB 0x0000000088200000| Untracked 
|  97|0x0000000088300000, 0x0000000088300000, 0x0000000088400000|  0%| F|  |TAMS 0x0000000088300000| PB 0x0000000088300000| Untracked 
|  98|0x0000000088400000, 0x0000000088400000, 0x0000000088500000|  0%| F|  |TAMS 0x0000000088400000| PB 0x0000000088400000| Untracked 
|  99|0x0000000088500000, 0x0000000088500000, 0x0000000088600000|  0%| F|  |TAMS 0x0000000088500000| PB 0x0000000088500000| Untracked 
| 100|0x0000000088600000, 0x0000000088600000, 0x0000000088700000|  0%| F|  |TAMS 0x0000000088600000| PB 0x0000000088600000| Untracked 
| 101|0x0000000088700000, 0x0000000088700000, 0x0000000088800000|  0%| F|  |TAMS 0x0000000088700000| PB 0x0000000088700000| Untracked 
| 102|0x0000000088800000, 0x0000000088800000, 0x0000000088900000|  0%| F|  |TAMS 0x0000000088800000| PB 0x0000000088800000| Untracked 
| 103|0x0000000088900000, 0x0000000088900000, 0x0000000088a00000|  0%| F|  |TAMS 0x0000000088900000| PB 0x0000000088900000| Untracked 
| 104|0x0000000088a00000, 0x0000000088b00000, 0x0000000088b00000|100%| S|CS|TAMS 0x0000000088a00000| PB 0x0000000088a00000| Complete 
| 105|0x0000000088b00000, 0x0000000088c00000, 0x0000000088c00000|100%| S|CS|TAMS 0x0000000088b00000| PB 0x0000000088b00000| Complete 
| 106|0x0000000088c00000, 0x0000000088d00000, 0x0000000088d00000|100%| S|CS|TAMS 0x0000000088c00000| PB 0x0000000088c00000| Complete 
| 107|0x0000000088d00000, 0x0000000088d5e4d8, 0x0000000088e00000| 36%| E|  |TAMS 0x0000000088d00000| PB 0x0000000088d00000| Complete 
| 108|0x0000000088e00000, 0x0000000088f00000, 0x0000000088f00000|100%| E|CS|TAMS 0x0000000088e00000| PB 0x0000000088e00000| Complete 
| 109|0x0000000088f00000, 0x0000000089000000, 0x0000000089000000|100%| E|CS|TAMS 0x0000000088f00000| PB 0x0000000088f00000| Complete 
| 110|0x0000000089000000, 0x0000000089100000, 0x0000000089100000|100%| E|CS|TAMS 0x0000000089000000| PB 0x0000000089000000| Complete 
| 111|0x0000000089100000, 0x0000000089200000, 0x0000000089200000|100%| E|CS|TAMS 0x0000000089100000| PB 0x0000000089100000| Complete 
| 112|0x0000000089200000, 0x0000000089300000, 0x0000000089300000|100%| E|CS|TAMS 0x0000000089200000| PB 0x0000000089200000| Complete 
| 113|0x0000000089300000, 0x0000000089400000, 0x0000000089400000|100%| E|  |TAMS 0x0000000089300000| PB 0x0000000089300000| Complete 
| 114|0x0000000089400000, 0x0000000089500000, 0x0000000089500000|100%| E|CS|TAMS 0x0000000089400000| PB 0x0000000089400000| Complete 
| 115|0x0000000089500000, 0x0000000089600000, 0x0000000089600000|100%| E|CS|TAMS 0x0000000089500000| PB 0x0000000089500000| Complete 
| 116|0x0000000089600000, 0x0000000089700000, 0x0000000089700000|100%| E|CS|TAMS 0x0000000089600000| PB 0x0000000089600000| Complete 
| 117|0x0000000089700000, 0x0000000089800000, 0x0000000089800000|100%| E|CS|TAMS 0x0000000089700000| PB 0x0000000089700000| Complete 
| 118|0x0000000089800000, 0x0000000089900000, 0x0000000089900000|100%| E|CS|TAMS 0x0000000089800000| PB 0x0000000089800000| Complete 
| 119|0x0000000089900000, 0x0000000089a00000, 0x0000000089a00000|100%| E|CS|TAMS 0x0000000089900000| PB 0x0000000089900000| Complete 
| 120|0x0000000089a00000, 0x0000000089b00000, 0x0000000089b00000|100%| E|CS|TAMS 0x0000000089a00000| PB 0x0000000089a00000| Complete 
| 121|0x0000000089b00000, 0x0000000089c00000, 0x0000000089c00000|100%| E|CS|TAMS 0x0000000089b00000| PB 0x0000000089b00000| Complete 
| 122|0x0000000089c00000, 0x0000000089d00000, 0x0000000089d00000|100%| E|CS|TAMS 0x0000000089c00000| PB 0x0000000089c00000| Complete 
| 123|0x0000000089d00000, 0x0000000089e00000, 0x0000000089e00000|100%| E|CS|TAMS 0x0000000089d00000| PB 0x0000000089d00000| Complete 
| 124|0x0000000089e00000, 0x0000000089f00000, 0x0000000089f00000|100%| E|CS|TAMS 0x0000000089e00000| PB 0x0000000089e00000| Complete 
| 125|0x0000000089f00000, 0x000000008a000000, 0x000000008a000000|100%| E|CS|TAMS 0x0000000089f00000| PB 0x0000000089f00000| Complete 

Card table byte_map: [0x000001b451010000,0x000001b451400000] _byte_map_base: 0x000001b450bff000

Marking Bits: (CMBitMap*) 0x000001b437a3da80
 Bits: [0x000001b451400000, 0x000001b453378000)

Polling page: 0x000001b437860000

Metaspace:

Usage:
  Non-class:     17.29 MB used.
      Class:      2.15 MB used.
       Both:     19.44 MB used.

Virtual space:
  Non-class space:       64.00 MB reserved,      17.44 MB ( 27%) committed,  1 nodes.
      Class space:        1.00 GB reserved,       2.31 MB ( <1%) committed,  1 nodes.
             Both:        1.06 GB reserved,      19.75 MB (  2%) committed. 

Chunk freelists:
   Non-Class:  14.45 MB
       Class:  13.73 MB
        Both:  28.18 MB

MaxMetaspaceSize: unlimited
CompressedClassSpaceSize: 1.00 GB
Initial GC threshold: 21.00 MB
Current GC threshold: 21.00 MB
CDS: on
 - commit_granule_bytes: 65536.
 - commit_granule_words: 8192.
 - virtual_space_node_default_size: 8388608.
 - enlarge_chunks_in_place: 1.
 - use_allocation_guard: 0.


Internal statistics:

num_allocs_failed_limit: 0.
num_arena_births: 196.
num_arena_deaths: 0.
num_vsnodes_births: 2.
num_vsnodes_deaths: 0.
num_space_committed: 316.
num_space_uncommitted: 0.
num_chunks_returned_to_freelist: 0.
num_chunks_taken_from_freelist: 417.
num_chunk_merges: 0.
num_chunk_splits: 254.
num_chunks_enlarged: 142.
num_inconsistent_stats: 0.

CodeHeap 'non-profiled nmethods': size=120000Kb used=964Kb max_used=964Kb free=119035Kb
 bounds [0x000001b4490d0000, 0x000001b449340000, 0x000001b450600000]
CodeHeap 'profiled nmethods': size=120000Kb used=5366Kb max_used=5366Kb free=114633Kb
 bounds [0x000001b441600000, 0x000001b441b40000, 0x000001b448b30000]
CodeHeap 'non-nmethods': size=5760Kb used=1714Kb max_used=1752Kb free=4045Kb
 bounds [0x000001b448b30000, 0x000001b448da0000, 0x000001b4490d0000]
 total_blobs=3531 nmethods=2786 adapters=649
 compilation: enabled
              stopped_count=0, restarted_count=0
 full_count=0

Compilation events (20 events):
Event: 32.206 Thread 0x000001b4559a78d0 2781       4       java.security.AccessController::checkContext (49 bytes)
Event: 32.207 Thread 0x000001b4559a78d0 nmethod 2781 0x000001b4491c0110 code [0x000001b4491c0280, 0x000001b4491c02e8]
Event: 32.208 Thread 0x000001b4559d3350 nmethod 2779 0x000001b441b35590 code [0x000001b441b35b60, 0x000001b441b39310]
Event: 32.209 Thread 0x000001b4559d3350 2778       3       javax.swing.JComponent::rectangleIsObscured (119 bytes)
Event: 32.211 Thread 0x000001b4559d3350 nmethod 2778 0x000001b441b3a210 code [0x000001b441b3a4c0, 0x000001b441b3b4c0]
Event: 32.211 Thread 0x000001b4559d3350 2777       3       javax.swing.JComponent::getComponentGraphics (63 bytes)
Event: 32.213 Thread 0x000001b4559d3350 nmethod 2777 0x000001b441b3ba10 code [0x000001b441b3bc80, 0x000001b441b3c858]
Event: 32.213 Thread 0x000001b4559d3350 2780       1       java.awt.AWTEvent::isConsumed (5 bytes)
Event: 32.214 Thread 0x000001b4559d3350 nmethod 2780 0x000001b4491c0410 code [0x000001b4491c05a0, 0x000001b4491c0670]
Event: 32.216 Thread 0x000001b4559d3350 2782       3       sun.java2d.pipe.Region::clipScale (41 bytes)
Event: 32.216 Thread 0x000001b4559d3350 nmethod 2782 0x000001b441b3cb90 code [0x000001b441b3cd80, 0x000001b441b3d048]
Event: 32.403 Thread 0x000001b4559d3350 2783       3       java.awt.Rectangle::setBounds (10 bytes)
Event: 32.403 Thread 0x000001b4559d3350 nmethod 2783 0x000001b441b3d110 code [0x000001b441b3d2c0, 0x000001b441b3d4b0]
Event: 32.409 Thread 0x000001b4559d3350 2784       3       sun.java2d.pipe.Region::getInstanceXYWH (16 bytes)
Event: 32.409 Thread 0x000001b4559d3350 nmethod 2784 0x000001b441b3d590 code [0x000001b441b3d760, 0x000001b441b3da20]
Event: 32.413 Thread 0x000001b4559a78d0 2785       4       java.awt.EventQueue::eventToCacheIndex (80 bytes)
Event: 32.417 Thread 0x000001b4559a78d0 nmethod 2785 0x000001b4491c0710 code [0x000001b4491c08a0, 0x000001b4491c09d0]
Event: 32.431 Thread 0x000001b4559a78d0 2786       4       java.util.HashMap::afterNodeRemoval (1 bytes)
Event: 32.432 Thread 0x000001b4559a78d0 nmethod 2786 0x000001b4491c0a90 code [0x000001b4491c0c20, 0x000001b4491c0ca8]
Event: 32.698 Thread 0x000001b4559a78d0 2787   !   4       sun.awt.PostEventQueue::flush (168 bytes)

GC Heap History (4 events):
Event: 0.774 GC heap before
{Heap before GC invocations=0 (full 0):
 garbage-first heap   total 129024K, used 13312K [0x0000000082200000, 0x0000000100000000)
  region size 1024K, 13 young (13312K), 0 survivors (0K)
 Metaspace       used 8940K, committed 9088K, reserved 1114112K
  class space    used 949K, committed 1024K, reserved 1048576K
}
Event: 0.780 GC heap after
{Heap after GC invocations=1 (full 0):
 garbage-first heap   total 129024K, used 3268K [0x0000000082200000, 0x0000000100000000)
  region size 1024K, 2 young (2048K), 2 survivors (2048K)
 Metaspace       used 8940K, committed 9088K, reserved 1114112K
  class space    used 949K, committed 1024K, reserved 1048576K
}
Event: 27.303 GC heap before
{Heap before GC invocations=1 (full 0):
 garbage-first heap   total 129024K, used 23748K [0x0000000082200000, 0x0000000100000000)
  region size 1024K, 19 young (19456K), 2 survivors (2048K)
 Metaspace       used 19274K, committed 19456K, reserved 1114112K
  class space    used 2147K, committed 2240K, reserved 1048576K
}
Event: 27.312 GC heap after
{Heap after GC invocations=2 (full 0):
 garbage-first heap   total 129024K, used 9630K [0x0000000082200000, 0x0000000100000000)
  region size 1024K, 3 young (3072K), 3 survivors (3072K)
 Metaspace       used 19274K, committed 19456K, reserved 1114112K
  class space    used 2147K, committed 2240K, reserved 1048576K
}

Dll operation events (12 events):
Event: 0.010 Loaded shared library C:\Program Files\Java\jdk-21\bin\java.dll
Event: 0.053 Loaded shared library C:\Program Files\Java\jdk-21\bin\jsvml.dll
Event: 0.116 Loaded shared library C:\Program Files\Java\jdk-21\bin\net.dll
Event: 0.118 Loaded shared library C:\Program Files\Java\jdk-21\bin\nio.dll
Event: 0.153 Loaded shared library C:\Program Files\Java\jdk-21\bin\zip.dll
Event: 0.173 Loaded shared library C:\Program Files\Java\jdk-21\bin\jimage.dll
Event: 0.196 Loaded shared library C:\Program Files\Java\jdk-21\bin\awt.dll
Event: 0.600 Loaded shared library C:\Program Files\Java\jdk-21\bin\extnet.dll
Event: 0.934 Loaded shared library C:\Program Files\Java\jdk-21\bin\sunmscapi.dll
Event: 1.448 Loaded shared library C:\Program Files\Java\jdk-21\bin\freetype.dll
Event: 1.449 Loaded shared library C:\Program Files\Java\jdk-21\bin\fontmanager.dll
Event: 28.900 Loaded shared library C:\Program Files\Java\jdk-21\bin\javajpeg.dll

Deoptimization events (20 events):
Event: 29.215 Thread 0x000001b49b779ba0 DEOPT PACKING pc=0x000001b441a91740 sp=0x0000001a8c4fe1f0
Event: 29.215 Thread 0x000001b49b779ba0 DEOPT UNPACKING pc=0x000001b448b84e42 sp=0x0000001a8c4fd680 mode 0
Event: 29.216 Thread 0x000001b49b779ba0 DEOPT PACKING pc=0x000001b441a91740 sp=0x0000001a8c4fe1f0
Event: 29.216 Thread 0x000001b49b779ba0 DEOPT UNPACKING pc=0x000001b448b84e42 sp=0x0000001a8c4fd680 mode 0
Event: 29.217 Thread 0x000001b49b779ba0 DEOPT PACKING pc=0x000001b441a91740 sp=0x0000001a8c4fe1f0
Event: 29.218 Thread 0x000001b49b779ba0 DEOPT UNPACKING pc=0x000001b448b84e42 sp=0x0000001a8c4fd680 mode 0
Event: 29.219 Thread 0x000001b49b779ba0 DEOPT PACKING pc=0x000001b441a91740 sp=0x0000001a8c4fe1f0
Event: 29.219 Thread 0x000001b49b779ba0 DEOPT UNPACKING pc=0x000001b448b84e42 sp=0x0000001a8c4fd680 mode 0
Event: 29.220 Thread 0x000001b49b779ba0 DEOPT PACKING pc=0x000001b441a91740 sp=0x0000001a8c4fe1f0
Event: 29.220 Thread 0x000001b49b779ba0 DEOPT UNPACKING pc=0x000001b448b84e42 sp=0x0000001a8c4fd680 mode 0
Event: 29.221 Thread 0x000001b49b779ba0 DEOPT PACKING pc=0x000001b441a91740 sp=0x0000001a8c4fe1f0
Event: 29.221 Thread 0x000001b49b779ba0 DEOPT UNPACKING pc=0x000001b448b84e42 sp=0x0000001a8c4fd680 mode 0
Event: 29.222 Thread 0x000001b49b779ba0 DEOPT PACKING pc=0x000001b441a91740 sp=0x0000001a8c4fe1f0
Event: 29.222 Thread 0x000001b49b779ba0 DEOPT UNPACKING pc=0x000001b448b84e42 sp=0x0000001a8c4fd680 mode 0
Event: 29.223 Thread 0x000001b49b779ba0 DEOPT PACKING pc=0x000001b441a91740 sp=0x0000001a8c4fe1f0
Event: 29.223 Thread 0x000001b49b779ba0 DEOPT UNPACKING pc=0x000001b448b84e42 sp=0x0000001a8c4fd680 mode 0
Event: 29.224 Thread 0x000001b49b779ba0 DEOPT PACKING pc=0x000001b441a91740 sp=0x0000001a8c4fe1f0
Event: 29.224 Thread 0x000001b49b779ba0 DEOPT UNPACKING pc=0x000001b448b84e42 sp=0x0000001a8c4fd680 mode 0
Event: 29.226 Thread 0x000001b49b779ba0 DEOPT PACKING pc=0x000001b441a91740 sp=0x0000001a8c4fe1f0
Event: 29.226 Thread 0x000001b49b779ba0 DEOPT UNPACKING pc=0x000001b448b84e42 sp=0x0000001a8c4fd680 mode 0

Classes loaded (20 events):
Event: 28.897 Loading class sun/awt/image/ImageDecoder done
Event: 28.897 Loading class sun/awt/image/JPEGImageDecoder done
Event: 28.897 Loading class sun/awt/image/JPEGImageDecoder$1
Event: 28.898 Loading class sun/awt/image/JPEGImageDecoder$1 done
Event: 29.099 Loading class java/awt/image/ReplicateScaleFilter
Event: 29.099 Loading class java/awt/image/ImageFilter
Event: 29.099 Loading class java/awt/image/ImageFilter done
Event: 29.100 Loading class java/awt/image/ReplicateScaleFilter done
Event: 29.100 Loading class java/awt/image/FilteredImageSource
Event: 29.100 Loading class java/awt/image/FilteredImageSource done
Event: 29.319 Loading class sun/awt/image/BufImgSurfaceManager
Event: 29.319 Loading class sun/awt/image/BufImgSurfaceManager done
Event: 32.127 Loading class sun/awt/image/ImageFormatException
Event: 32.127 Loading class sun/awt/image/ImageFormatException done
Event: 32.127 Loading class java/lang/Throwable$WrappedPrintStream
Event: 32.128 Loading class java/lang/Throwable$PrintStreamOrWriter
Event: 32.128 Loading class java/lang/Throwable$PrintStreamOrWriter done
Event: 32.128 Loading class java/lang/Throwable$WrappedPrintStream done
Event: 32.128 Loading class java/lang/StackTraceElement$HashedModules
Event: 32.129 Loading class java/lang/StackTraceElement$HashedModules done

Classes unloaded (0 events):
No events

Classes redefined (0 events):
No events

Internal exceptions (20 events):
Event: 0.329 Thread 0x000001b4379e8ed0 Exception <a 'java/lang/NoSuchMethodError'{0x0000000089b42410}: 'java.lang.Object java.lang.invoke.DirectMethodHandle$Holder.newInvokeSpecial(java.lang.Object, java.lang.Object, java.lang.Object, java.lang.Object, java.lang.Object)'> (0x0000000089b42410) 
thrown [s\open\src\hotspot\share\interpreter\linkResolver.cpp, line 773]
Event: 0.336 Thread 0x000001b4379e8ed0 Exception <a 'java/lang/NoSuchMethodError'{0x0000000089b6e448}: 'java.lang.Object java.lang.invoke.DirectMethodHandle$Holder.invokeStatic(java.lang.Object, int, java.lang.Object)'> (0x0000000089b6e448) 
thrown [s\open\src\hotspot\share\interpreter\linkResolver.cpp, line 773]
Event: 0.362 Thread 0x000001b4379e8ed0 Exception <a 'java/lang/ClassNotFoundException'{0x0000000089a0e6f0}: com/sun/swing/internal/plaf/metal/resources/spi/metalProvider> (0x0000000089a0e6f0) 
thrown [s\open\src\hotspot\share\classfile\systemDictionary.cpp, line 312]
Event: 0.363 Thread 0x000001b4379e8ed0 Exception <a 'java/lang/ClassNotFoundException'{0x0000000089a12650}: com/sun/swing/internal/plaf/basic/resources/spi/basicProvider> (0x0000000089a12650) 
thrown [s\open\src\hotspot\share\classfile\systemDictionary.cpp, line 312]
Event: 0.375 Thread 0x000001b4379e8ed0 Exception <a 'java/lang/NoSuchMethodError'{0x0000000089a317d8}: 'int java.lang.invoke.Invokers$Holder.invokeExact_MT(java.lang.Object, java.lang.Object)'> (0x0000000089a317d8) 
thrown [s\open\src\hotspot\share\interpreter\linkResolver.cpp, line 773]
Event: 0.409 Thread 0x000001b4379e8ed0 Exception <a 'java/lang/NoSuchMethodError'{0x0000000089a83078}: 'void java.lang.invoke.DirectMethodHandle$Holder.invokeStatic(java.lang.Object, java.lang.Object)'> (0x0000000089a83078) 
thrown [s\open\src\hotspot\share\interpreter\linkResolver.cpp, line 773]
Event: 0.449 Thread 0x000001b4379e8ed0 Exception <a 'java/lang/NoSuchMethodError'{0x000000008996f5a0}: 'java.lang.Object java.lang.invoke.DirectMethodHandle$Holder.invokeInterface(java.lang.Object, java.lang.Object)'> (0x000000008996f5a0) 
thrown [s\open\src\hotspot\share\interpreter\linkResolver.cpp, line 773]
Event: 0.484 Thread 0x000001b4379e8ed0 Exception <a 'java/lang/NoSuchMethodError'{0x00000000899e9078}: 'void java.lang.invoke.DirectMethodHandle$Holder.invokeStatic(java.lang.Object, java.lang.Object, java.lang.Object)'> (0x00000000899e9078) 
thrown [s\open\src\hotspot\share\interpreter\linkResolver.cpp, line 773]
Event: 0.486 Thread 0x000001b4379e8ed0 Exception <a 'java/lang/NoSuchMethodError'{0x00000000899f1d60}: 'java.lang.Object java.lang.invoke.DirectMethodHandle$Holder.invokeVirtual(java.lang.Object, java.lang.Object, java.lang.Object)'> (0x00000000899f1d60) 
thrown [s\open\src\hotspot\share\interpreter\linkResolver.cpp, line 773]
Event: 0.724 Thread 0x000001b4379e8ed0 Exception <a 'java/lang/NoSuchMethodError'{0x000000008939f420}: 'void java.lang.invoke.DirectMethodHandle$Holder.invokeStaticInit(java.lang.Object, java.lang.Object)'> (0x000000008939f420) 
thrown [s\open\src\hotspot\share\interpreter\linkResolver.cpp, line 773]
Event: 0.841 Thread 0x000001b4379e8ed0 Exception <a 'sun/nio/fs/WindowsException'{0x0000000089e2f8b0}> (0x0000000089e2f8b0) 
thrown [s\open\src\hotspot\share\prims\jni.cpp, line 520]
Event: 0.893 Thread 0x000001b4379e8ed0 Exception <a 'java/lang/NoSuchMethodError'{0x0000000089eddac8}: 'java.lang.Object java.lang.invoke.DirectMethodHandle$Holder.invokeStaticInit(java.lang.Object, int, int, int, int)'> (0x0000000089eddac8) 
thrown [s\open\src\hotspot\share\interpreter\linkResolver.cpp, line 773]
Event: 0.907 Thread 0x000001b4379e8ed0 Exception <a 'java/lang/NoSuchMethodError'{0x0000000089efd590}: 'java.lang.Object java.lang.invoke.DirectMethodHandle$Holder.invokeStaticInit(java.lang.Object, java.lang.Object, int, int, int, int)'> (0x0000000089efd590) 
thrown [s\open\src\hotspot\share\interpreter\linkResolver.cpp, line 773]
Event: 0.966 Thread 0x000001b4379e8ed0 Exception <a 'java/lang/NoSuchMethodError'{0x0000000089d7b270}: 'int java.lang.invoke.DirectMethodHandle$Holder.invokeSpecial(java.lang.Object, java.lang.Object, java.lang.Object)'> (0x0000000089d7b270) 
thrown [s\open\src\hotspot\share\interpreter\linkResolver.cpp, line 773]
Event: 1.126 Thread 0x000001b4379e8ed0 Exception <a 'java/lang/NoSuchMethodError'{0x0000000089c86780}: 'void java.lang.invoke.DirectMethodHandle$Holder.invokeVirtual(java.lang.Object, java.lang.Object)'> (0x0000000089c86780) 
thrown [s\open\src\hotspot\share\interpreter\linkResolver.cpp, line 773]
Event: 1.443 Thread 0x000001b4379e8ed0 Exception <a 'java/lang/NoSuchMethodError'{0x0000000089833b68}: 'void java.lang.invoke.DirectMethodHandle$Holder.invokeStaticInit(java.lang.Object)'> (0x0000000089833b68) 
thrown [s\open\src\hotspot\share\interpreter\linkResolver.cpp, line 773]
Event: 28.871 Thread 0x000001b49b779ba0 Implicit null exception at 0x000001b449123aa0 to 0x000001b449124078
Event: 28.871 Thread 0x000001b49b779ba0 Implicit null exception at 0x000001b449122ea0 to 0x000001b449123478
Event: 28.903 Thread 0x000001b49b779ba0 Exception <a 'java/lang/NoSuchMethodError'{0x0000000089d1fd30}: 'java.lang.Object java.lang.invoke.DirectMethodHandle$Holder.newInvokeSpecial(java.lang.Object, java.lang.Object, java.lang.Object, int, int, int, int, int)'> (0x0000000089d1fd30) 
thrown [s\open\src\hotspot\share\interpreter\linkResolver.cpp, line 773]
Event: 32.127 Thread 0x000001b49b779ba0 Exception <a 'sun/awt/image/ImageFormatException'{0x0000000088d28f48}: Insufficient memory (case 4)> (0x0000000088d28f48) 
thrown [s\open\src\hotspot\share\prims\jni.cpp, line 539]

ZGC Phase Switch (0 events):
No events

VM Operations (20 events):
Event: 26.576 Executing VM operation: HandshakeAllThreads (Deoptimize)
Event: 26.576 Executing VM operation: HandshakeAllThreads (Deoptimize) done
Event: 26.602 Executing VM operation: HandshakeAllThreads (Deoptimize)
Event: 26.602 Executing VM operation: HandshakeAllThreads (Deoptimize) done
Event: 27.182 Executing VM operation: HandshakeAllThreads (Deoptimize)
Event: 27.182 Executing VM operation: HandshakeAllThreads (Deoptimize) done
Event: 27.182 Executing VM operation: Cleanup
Event: 27.183 Executing VM operation: Cleanup done
Event: 27.302 Executing VM operation: G1CollectForAllocation (G1 Evacuation Pause)
Event: 27.312 Executing VM operation: G1CollectForAllocation (G1 Evacuation Pause) done
Event: 29.100 Executing VM operation: HandshakeAllThreads (Deoptimize)
Event: 29.100 Executing VM operation: HandshakeAllThreads (Deoptimize) done
Event: 29.100 Executing VM operation: Cleanup
Event: 29.100 Executing VM operation: Cleanup done
Event: 30.105 Executing VM operation: Cleanup
Event: 30.105 Executing VM operation: Cleanup done
Event: 31.113 Executing VM operation: Cleanup
Event: 31.113 Executing VM operation: Cleanup done
Event: 32.115 Executing VM operation: Cleanup
Event: 32.115 Executing VM operation: Cleanup done

Events (20 events):
Event: 0.145 Thread 0x000001b455d1c470 Thread added: 0x000001b455d1c470
Event: 0.285 Thread 0x000001b455e55580 Thread added: 0x000001b455e55580
Event: 0.286 Thread 0x000001b455e5a100 Thread added: 0x000001b455e5a100
Event: 0.287 Thread 0x000001b455e5ec70 Thread added: 0x000001b455e5ec70
Event: 0.410 Thread 0x000001b455eccb10 Thread added: 0x000001b455eccb10
Event: 0.473 Thread 0x000001b455f18a10 Thread added: 0x000001b455f18a10
Event: 1.324 Thread 0x000001b455e5a100 Thread exited: 0x000001b455e5a100
Event: 1.402 Thread 0x000001b49c43f810 Thread added: 0x000001b49c43f810
Event: 1.402 Thread 0x000001b49d0bb010 Thread added: 0x000001b49d0bb010
Event: 1.561 Thread 0x000001b4379e8ed0 Thread exited: 0x000001b4379e8ed0
Event: 1.561 Thread 0x000001b4379e8ed0 Thread added: 0x000001b4379e8ed0
Event: 2.257 Thread 0x000001b455f18a10 Thread exited: 0x000001b455f18a10
Event: 2.387 Thread 0x000001b455f18a10 Thread added: 0x000001b455f18a10
Event: 27.316 Thread 0x000001b49b7bd8c0 Thread added: 0x000001b49b7bd8c0
Event: 27.844 Thread 0x000001b49b7bd8c0 Thread exited: 0x000001b49b7bd8c0
Event: 28.864 Thread 0x000001b49b779ba0 Thread added: 0x000001b49b779ba0
Event: 30.142 Thread 0x000001b49bbbbb80 Thread added: 0x000001b49bbbbb80
Event: 30.777 Thread 0x000001b49bbbbb80 Thread exited: 0x000001b49bbbbb80
Event: 30.999 Thread 0x000001b49b6be0d0 Thread added: 0x000001b49b6be0d0
Event: 31.614 Thread 0x000001b49b6be0d0 Thread exited: 0x000001b49b6be0d0


Dynamic libraries:
0x00007ff695ac0000 - 0x00007ff695ad0000 	C:\Program Files\Java\jdk-21\bin\java.exe
0x00007fff37390000 - 0x00007fff375a6000 	C:\WINDOWS\SYSTEM32\ntdll.dll
0x00007fff35be0000 - 0x00007fff35ca4000 	C:\WINDOWS\System32\KERNEL32.DLL
0x00007fff34d10000 - 0x00007fff350b7000 	C:\WINDOWS\System32\KERNELBASE.dll
0x00007fff34bf0000 - 0x00007fff34d01000 	C:\WINDOWS\System32\ucrtbase.dll
0x00007fff31880000 - 0x00007fff3189b000 	C:\Program Files\Java\jdk-21\bin\VCRUNTIME140.dll
0x00007fff30ca0000 - 0x00007fff30cb9000 	C:\Program Files\Java\jdk-21\bin\jli.dll
0x00007fff35f20000 - 0x00007fff35fd2000 	C:\WINDOWS\System32\ADVAPI32.dll
0x00007fff35130000 - 0x00007fff351d7000 	C:\WINDOWS\System32\msvcrt.dll
0x00007fff36340000 - 0x00007fff363e8000 	C:\WINDOWS\System32\sechost.dll
0x00007fff346e0000 - 0x00007fff34708000 	C:\WINDOWS\System32\bcrypt.dll
0x00007fff35260000 - 0x00007fff35375000 	C:\WINDOWS\System32\RPCRT4.dll
0x00007fff36190000 - 0x00007fff3633e000 	C:\WINDOWS\System32\USER32.dll
0x00007fff346b0000 - 0x00007fff346d6000 	C:\WINDOWS\System32\win32u.dll
0x00007fff36ea0000 - 0x00007fff36ec9000 	C:\WINDOWS\System32\GDI32.dll
0x00007fff34790000 - 0x00007fff348a9000 	C:\WINDOWS\System32\gdi32full.dll
0x00007fff348b0000 - 0x00007fff3494a000 	C:\WINDOWS\System32\msvcp_win.dll
0x00007fff1b760000 - 0x00007fff1b9f3000 	C:\WINDOWS\WinSxS\amd64_microsoft.windows.common-controls_6595b64144ccf1df_6.0.22621.3235_none_270f74e173860f98\COMCTL32.dll
0x00007fff2d880000 - 0x00007fff2d88a000 	C:\WINDOWS\SYSTEM32\VERSION.dll
0x00007fff36750000 - 0x00007fff36781000 	C:\WINDOWS\System32\IMM32.DLL
0x00007fff31a50000 - 0x00007fff31a5c000 	C:\Program Files\Java\jdk-21\bin\vcruntime140_1.dll
0x00007fff23b40000 - 0x00007fff23bce000 	C:\Program Files\Java\jdk-21\bin\msvcp140.dll
0x00007ffeeeaa0000 - 0x00007ffeef7b7000 	C:\Program Files\Java\jdk-21\bin\server\jvm.dll
0x00007fff351e0000 - 0x00007fff35251000 	C:\WINDOWS\System32\WS2_32.dll
0x00007fff2d890000 - 0x00007fff2d8c4000 	C:\WINDOWS\SYSTEM32\WINMM.dll
0x00007fff33550000 - 0x00007fff3359d000 	C:\WINDOWS\SYSTEM32\POWRPROF.dll
0x00007fff33530000 - 0x00007fff33543000 	C:\WINDOWS\SYSTEM32\UMPDC.dll
0x00007fff337e0000 - 0x00007fff337f8000 	C:\WINDOWS\SYSTEM32\kernel.appcore.dll
0x00007fff319d0000 - 0x00007fff319da000 	C:\Program Files\Java\jdk-21\bin\jimage.dll
0x00007fff1fab0000 - 0x00007fff1fce3000 	C:\WINDOWS\SYSTEM32\DBGHELP.DLL
0x00007fff36b10000 - 0x00007fff36e98000 	C:\WINDOWS\System32\combase.dll
0x00007fff365b0000 - 0x00007fff36687000 	C:\WINDOWS\System32\OLEAUT32.dll
0x00007fff1fa70000 - 0x00007fff1faa2000 	C:\WINDOWS\SYSTEM32\dbgcore.DLL
0x00007fff34710000 - 0x00007fff34789000 	C:\WINDOWS\System32\bcryptPrimitives.dll
0x00007fff2f570000 - 0x00007fff2f58f000 	C:\Program Files\Java\jdk-21\bin\java.dll
0x00007fff35380000 - 0x00007fff35bdc000 	C:\WINDOWS\System32\SHELL32.dll
0x00007fff32620000 - 0x00007fff32f19000 	C:\WINDOWS\SYSTEM32\windows.storage.dll
0x00007fff324e0000 - 0x00007fff3261e000 	C:\WINDOWS\SYSTEM32\wintypes.dll
0x00007fff35e20000 - 0x00007fff35f13000 	C:\WINDOWS\System32\SHCORE.dll
0x00007fff35db0000 - 0x00007fff35e0e000 	C:\WINDOWS\System32\shlwapi.dll
0x00007fff345e0000 - 0x00007fff34601000 	C:\WINDOWS\SYSTEM32\profapi.dll
0x00007fff24c30000 - 0x00007fff24d07000 	C:\Program Files\Java\jdk-21\bin\jsvml.dll
0x00007fff31950000 - 0x00007fff31960000 	C:\Program Files\Java\jdk-21\bin\net.dll
0x00007fff2ebf0000 - 0x00007fff2ed26000 	C:\WINDOWS\SYSTEM32\WINHTTP.dll
0x00007fff33c50000 - 0x00007fff33cb9000 	C:\WINDOWS\system32\mswsock.dll
0x00007fff2e810000 - 0x00007fff2e826000 	C:\Program Files\Java\jdk-21\bin\nio.dll
0x00007fff2e360000 - 0x00007fff2e378000 	C:\Program Files\Java\jdk-21\bin\zip.dll
0x00007ffef7a40000 - 0x00007ffef7bcf000 	C:\Program Files\Java\jdk-21\bin\awt.dll
0x00007fff31a60000 - 0x00007fff31af7000 	C:\WINDOWS\SYSTEM32\apphelp.dll
0x00007fff31de0000 - 0x00007fff31e0b000 	C:\WINDOWS\system32\DWMAPI.DLL
0x00007fff31b60000 - 0x00007fff31c0b000 	C:\WINDOWS\system32\uxtheme.dll
0x00007fff12120000 - 0x00007fff12220000 	C:\WINDOWS\system32\opengl32.dll
0x00007fff11f80000 - 0x00007fff11fad000 	C:\WINDOWS\SYSTEM32\GLU32.dll
0x00007fff31e50000 - 0x00007fff31e89000 	C:\WINDOWS\SYSTEM32\dxcore.dll
0x00007fff36900000 - 0x00007fff36a53000 	C:\WINDOWS\System32\MSCTF.dll
0x00007fff35fe0000 - 0x00007fff36185000 	C:\WINDOWS\System32\ole32.dll
0x00007fff33220000 - 0x00007fff33319000 	C:\WINDOWS\SYSTEM32\DNSAPI.dll
0x00007fff331f0000 - 0x00007fff3321d000 	C:\WINDOWS\SYSTEM32\IPHLPAPI.DLL
0x00007fff36790000 - 0x00007fff36799000 	C:\WINDOWS\System32\NSI.dll
0x00007fff2ca00000 - 0x00007fff2ca0a000 	C:\Windows\System32\rasadhlp.dll
0x00007fff2ca10000 - 0x00007fff2ca93000 	C:\WINDOWS\System32\fwpuclnt.dll
0x00007fff2f840000 - 0x00007fff2f849000 	C:\Program Files\Java\jdk-21\bin\extnet.dll
0x00007fff33eb0000 - 0x00007fff33ecb000 	C:\WINDOWS\SYSTEM32\CRYPTSP.dll
0x00007fff33740000 - 0x00007fff33775000 	C:\WINDOWS\system32\rsaenh.dll
0x00007fff33d50000 - 0x00007fff33d78000 	C:\WINDOWS\SYSTEM32\USERENV.dll
0x00007fff33ed0000 - 0x00007fff33edc000 	C:\WINDOWS\SYSTEM32\CRYPTBASE.dll
0x00007fff30cc0000 - 0x00007fff30cce000 	C:\Program Files\Java\jdk-21\bin\sunmscapi.dll
0x00007fff349c0000 - 0x00007fff34b27000 	C:\WINDOWS\System32\CRYPT32.dll
0x00007fff34070000 - 0x00007fff3409e000 	C:\WINDOWS\SYSTEM32\ncrypt.dll
0x00007fff34030000 - 0x00007fff34067000 	C:\WINDOWS\SYSTEM32\NTASN1.dll
0x00007fff23ab0000 - 0x00007fff23b37000 	C:\Program Files\Java\jdk-21\bin\freetype.dll
0x00007ffef7950000 - 0x00007ffef7a32000 	C:\Program Files\Java\jdk-21\bin\fontmanager.dll
0x00007fff25b60000 - 0x00007fff25caa000 	C:\WINDOWS\SYSTEM32\textinputframework.dll
0x00007fff31310000 - 0x00007fff31444000 	C:\WINDOWS\SYSTEM32\CoreMessaging.dll
0x00007fff2d8d0000 - 0x00007fff2dc3c000 	C:\WINDOWS\SYSTEM32\CoreUIComponents.dll
0x00007fff36830000 - 0x00007fff368e0000 	C:\WINDOWS\System32\clbcatq.dll
0x00007fff2f9c0000 - 0x00007fff2fb70000 	C:\WINDOWS\SYSTEM32\WindowsCodecs.dll
0x00007fff0a400000 - 0x00007fff0a45e000 	C:\WINDOWS\system32\dataexchange.dll
0x00007fff2c3a0000 - 0x00007fff2c62e000 	C:\WINDOWS\system32\twinapi.appcore.dll
0x00007fff247d0000 - 0x00007fff247fe000 	C:\Program Files\Java\jdk-21\bin\javajpeg.dll

dbghelp: loaded successfully - version: 4.0.5 - missing functions: none
symbol engine: initialized successfully - sym options: 0x614 - pdb path: .;C:\Program Files\Java\jdk-21\bin;C:\WINDOWS\SYSTEM32;C:\WINDOWS\WinSxS\amd64_microsoft.windows.common-controls_6595b64144ccf1df_6.0.22621.3235_none_270f74e173860f98;C:\Program Files\Java\jdk-21\bin\server

VM Arguments:
jvm_args: -Dfile.encoding=UTF-8 --module-path=C:\Users\User\Documents\NetBeansProjects\EMS\build\classes 
java_command: ems.ViewEmployees
java_class_path (initial): C:\Users\User\Downloads\mysql-connector-j-8.3.0\mysql-connector-j-8.3.0\mysql-connector-j-8.3.0.jar;C:\Users\User\Downloads\jcalendar-1.4\lib\jcalendar-1.4.jar;C:\Users\User\Downloads\rs2xml.jar;C:\Users\User\Documents\NetBeansProjects\EMS\build\classes
Launcher Type: SUN_STANDARD

[Global flags]
     intx CICompilerCount                          = 3                                         {product} {ergonomic}
     uint ConcGCThreads                            = 1                                         {product} {ergonomic}
     uint G1ConcRefinementThreads                  = 4                                         {product} {ergonomic}
   size_t G1HeapRegionSize                         = 1048576                                   {product} {ergonomic}
    uintx GCDrainStackTargetSize                   = 64                                        {product} {ergonomic}
   size_t InitialHeapSize                          = 132120576                                 {product} {ergonomic}
   size_t MarkStackSize                            = 4194304                                   {product} {ergonomic}
   size_t MaxHeapSize                              = 2111832064                                {product} {ergonomic}
   size_t MaxNewSize                               = 1266679808                                {product} {ergonomic}
   size_t MinHeapDeltaBytes                        = 1048576                                   {product} {ergonomic}
   size_t MinHeapSize                              = 8388608                                   {product} {ergonomic}
    uintx NonNMethodCodeHeapSize                   = 5832780                                {pd product} {ergonomic}
    uintx NonProfiledCodeHeapSize                  = 122912730                              {pd product} {ergonomic}
    uintx ProfiledCodeHeapSize                     = 122912730                              {pd product} {ergonomic}
    uintx ReservedCodeCacheSize                    = 251658240                              {pd product} {ergonomic}
     bool SegmentedCodeCache                       = true                                      {product} {ergonomic}
   size_t SoftMaxHeapSize                          = 2111832064                             {manageable} {ergonomic}
     bool UseCompressedOops                        = true                           {product lp64_product} {ergonomic}
     bool UseG1GC                                  = true                                      {product} {ergonomic}
     bool UseLargePagesIndividualAllocation        = false                                  {pd product} {ergonomic}

Logging:
Log output configuration:
 #0: stdout all=warning uptime,level,tags foldmultilines=false
 #1: stderr all=off uptime,level,tags foldmultilines=false

Environment Variables:
JAVA_HOME=C:\Program Files\Java\jdk-21
PATH=C:\Program Files\Common Files\Oracle\Java\javapath;C:\WINDOWS\system32;C:\WINDOWS;C:\WINDOWS\System32\Wbem;C:\WINDOWS\System32\WindowsPowerShell\v1.0\;C:\WINDOWS\System32\OpenSSH\;C:\Program Files\Java\jdk-21;C:\Program Files\MySQL\MySQL Server 8.0\bin;C:\Program Files\Java\jdk-21\bin;C:\Users\User\AppData\Local\Programs\Python\Launcher\;C:\Program Files\MySQL\MySQL Shell 8.0\bin\;C:\Users\User\AppData\Local\Microsoft\WindowsApps;C:\Users\User\AppData\Local\Programs\Microsoft VS Code\bin;C:\xampp\php;
USERNAME=User
OS=Windows_NT
PROCESSOR_IDENTIFIER=Intel64 Family 6 Model 142 Stepping 12, GenuineIntel
TMP=C:\Users\User\AppData\Local\Temp
TEMP=C:\Users\User\AppData\Local\Temp




Periodic native trim disabled

---------------  S Y S T E M  ---------------

OS:
 Windows 11 , 64 bit Build 22621 (10.0.22621.3374)
OS uptime: 0 days 9:44 hours

CPU: total 4 (initial active 4) (2 cores per cpu, 2 threads per core) family 6 model 142 stepping 12 microcode 0xde, cx8, cmov, fxsr, ht, mmx, 3dnowpref, sse, sse2, sse3, ssse3, sse4.1, sse4.2, popcnt, lzcnt, tsc, tscinvbit, avx, avx2, aes, erms, clmul, bmi1, bmi2, adx, fma, vzeroupper, clflush, clflushopt, rdtscp, f16c
Processor Information for processor 0
  Max Mhz: 2592, Current Mhz: 2093, Mhz Limit: 2073
Processor Information for processor 1
  Max Mhz: 2592, Current Mhz: 1495, Mhz Limit: 2073
Processor Information for processor 2
  Max Mhz: 2592, Current Mhz: 2093, Mhz Limit: 2073
Processor Information for processor 3
  Max Mhz: 2592, Current Mhz: 2093, Mhz Limit: 2073

Memory: 4k page, system-wide physical 8055M (817M free)
TotalPageFile size 20179M (AvailPageFile size 5M)
current process WorkingSet (physical memory assigned to process): 137M, peak: 137M
current process commit charge ("private bytes"): 241M, peak: 246M

vm_info: Java HotSpot(TM) 64-Bit Server VM (21.0.2+13-LTS-58) for windows-amd64 JRE (21.0.2+13-LTS-58), built on 2024-01-05T18:32:24Z by "mach5one" with MS VC++ 17.1 (VS2022)

END.
